[23:00:02] ═══════════════════════════════════════════════════
[23:00:02] 🤖 CrispWave AI Research Blog — Daily Pipeline
[23:00:02]    Date: 2026-03-30
[23:00:02] ═══════════════════════════════════════════════════
[23:00:02] 
[23:00:02] STEP 1/3: Research Aggregation
[23:00:36]   ✅ Research complete: /Users/openclaw/Projects/ai-research-blog/research/daily/2026-03-30.json
[23:00:36] 
[23:00:36] STEP 2/3: Blog Post Generation
[23:04:09]   ✅ Post generated: /Users/openclaw/Projects/ai-research-blog/_posts/2026-03-30-ai-research-roundup.md
[23:04:09] 
[23:04:09] STEP 3/3: Publishing
[23:04:09] 🚀 Publishing Pipeline — 2026-03-30
[23:04:09]   Publishing: _posts/2026-03-30-ai-research-roundup.md
[23:04:09] Creating branch: post/2026-03-30
[post/2026-03-30 d8b877e] Blog post: 2026-03-30 AI research roundup
 4 files changed, 419 insertions(+), 26 deletions(-)
 create mode 100644 _posts/2026-03-30-ai-research-roundup.md
 create mode 100644 logs/metrics.json
 create mode 100644 posts/draft-2026-03-30.md
